# JRE version: Java(TM) SE Runtime Environment (21.0.5+9) (build 21.0.5+9-LTS-239)
# Java VM: Java HotSpot(TM) 64-Bit Server VM (21.0.5+9-LTS-239, mixed mode, sharing, tiered, compressed oops, compressed class ptrs, g1 gc, windows-amd64)
GC Precious Log:
 CardTable entry size: 512
 Card Set container configuration: InlinePtr #cards 5 size 8 Array Of Cards #cards 12 size 40 Howl #buckets 4 coarsen threshold 1843 Howl Bitmap #cards 512 size 80 coarsen threshold 460 Card regions per heap region 1 cards per card region 2048
 CPUs: 8 total, 8 available
 Memory: 8025M
 Large Page Support: Disabled
 NUMA Support: Disabled
 Compressed Oops: Enabled (32-bit)
 Heap Region Size: 1M
 Heap Min Capacity: 8M
 Heap Initial Capacity: 126M
 Heap Max Capacity: 2008M
 Pre-touch: Disabled
 Parallel Workers: 8
 Concurrent Workers: 2
 Concurrent Refinement Workers: 8
 Periodic GC: Disabled
Heap:
 garbage-first heap   total 98304K, used 74921K [0x0000000082800000, 0x0000000100000000)
  region size 1024K, 44 young (45056K), 4 survivors (4096K)
 Metaspace       used 49133K, committed 49664K, reserved 1114112K
  class space    used 6123K, committed 6400K, reserved 1048576K
GC Heap History (18 events):
Event: 1.201 GC heap before
{Heap before GC invocations=0 (full 0):
 garbage-first heap   total 129024K, used 26624K [0x0000000082800000, 0x0000000100000000)
  region size 1024K, 23 young (23552K), 0 survivors (0K)
 Metaspace       used 3334K, committed 3520K, reserved 1114112K
  class space    used 320K, committed 448K, reserved 1048576K
}
Event: 1.212 GC heap after
{Heap after GC invocations=1 (full 0):
 garbage-first heap   total 129024K, used 14921K [0x0000000082800000, 0x0000000100000000)
  region size 1024K, 3 young (3072K), 3 survivors (3072K)
 Metaspace       used 3334K, committed 3520K, reserved 1114112K
  class space    used 320K, committed 448K, reserved 1048576K
}
Event: 2.825 GC heap before
{Heap before GC invocations=1 (full 0):
 garbage-first heap   total 129024K, used 35401K [0x0000000082800000, 0x0000000100000000)
  region size 1024K, 24 young (24576K), 3 survivors (3072K)
 Metaspace       used 9587K, committed 9856K, reserved 1114112K
  class space    used 1115K, committed 1280K, reserved 1048576K
}
Event: 2.834 GC heap after
{Heap after GC invocations=2 (full 0):
 garbage-first heap   total 129024K, used 16827K [0x0000000082800000, 0x0000000100000000)
  region size 1024K, 2 young (2048K), 2 survivors (2048K)
 Metaspace       used 9587K, committed 9856K, reserved 1114112K
  class space    used 1115K, committed 1280K, reserved 1048576K
}
Event: 11.420 GC heap before
{Heap before GC invocations=2 (full 0):
 garbage-first heap   total 129024K, used 58811K [0x0000000082800000, 0x0000000100000000)
  region size 1024K, 43 young (44032K), 2 survivors (2048K)
 Metaspace       used 18199K, committed 18432K, reserved 1114112K
  class space    used 2194K, committed 2304K, reserved 1048576K
}
Event: 11.432 GC heap after
{Heap after GC invocations=3 (full 0):
 garbage-first heap   total 129024K, used 20573K [0x0000000082800000, 0x0000000100000000)
  region size 1024K, 6 young (6144K), 6 survivors (6144K)
 Metaspace       used 18199K, committed 18432K, reserved 1114112K
  class space    used 2194K, committed 2304K, reserved 1048576K
}
Event: 17.443 GC heap before
{Heap before GC invocations=3 (full 0):
 garbage-first heap   total 129024K, used 36957K [0x0000000082800000, 0x0000000100000000)
  region size 1024K, 23 young (23552K), 6 survivors (6144K)
 Metaspace       used 21252K, committed 21504K, reserved 1114112K
  class space    used 2556K, committed 2688K, reserved 1048576K
}
Event: 17.456 GC heap after
{Heap after GC invocations=4 (full 0):
 garbage-first heap   total 129024K, used 22860K [0x0000000082800000, 0x0000000100000000)
  region size 1024K, 6 young (6144K), 6 survivors (6144K)
 Metaspace       used 21252K, committed 21504K, reserved 1114112K
  class space    used 2556K, committed 2688K, reserved 1048576K
}
Event: 18.629 GC heap before
{Heap before GC invocations=5 (full 0):
 garbage-first heap   total 81920K, used 64844K [0x0000000082800000, 0x0000000100000000)
  region size 1024K, 48 young (49152K), 6 survivors (6144K)
 Metaspace       used 30426K, committed 30784K, reserved 1114112K
  class space    used 3934K, committed 4096K, reserved 1048576K
}
Event: 18.641 GC heap after
{Heap after GC invocations=6 (full 0):
 garbage-first heap   total 81920K, used 25889K [0x0000000082800000, 0x0000000100000000)
  region size 1024K, 6 young (6144K), 6 survivors (6144K)
 Metaspace       used 30426K, committed 30784K, reserved 1114112K
  class space    used 3934K, committed 4096K, reserved 1048576K
}
Event: 19.192 GC heap before
{Heap before GC invocations=6 (full 0):
 garbage-first heap   total 81920K, used 59681K [0x0000000082800000, 0x0000000100000000)
  region size 1024K, 40 young (40960K), 6 survivors (6144K)
 Metaspace       used 34106K, committed 34496K, reserved 1114112K
  class space    used 4288K, committed 4480K, reserved 1048576K
}
Event: 19.204 GC heap after
{Heap after GC invocations=7 (full 0):
 garbage-first heap   total 81920K, used 30204K [0x0000000082800000, 0x0000000100000000)
  region size 1024K, 5 young (5120K), 5 survivors (5120K)
 Metaspace       used 34106K, committed 34496K, reserved 1114112K
  class space    used 4288K, committed 4480K, reserved 1048576K
}
Event: 19.330 GC heap before
{Heap before GC invocations=7 (full 0):
 garbage-first heap   total 81920K, used 38396K [0x0000000082800000, 0x0000000100000000)
  region size 1024K, 15 young (15360K), 5 survivors (5120K)
 Metaspace       used 35606K, committed 35968K, reserved 1114112K
  class space    used 4438K, committed 4608K, reserved 1048576K
}
Event: 19.336 GC heap after
{Heap after GC invocations=8 (full 0):
 garbage-first heap   total 81920K, used 30945K [0x0000000082800000, 0x0000000100000000)
  region size 1024K, 1 young (1024K), 1 survivors (1024K)
 Metaspace       used 35606K, committed 35968K, reserved 1114112K
  class space    used 4438K, committed 4608K, reserved 1048576K
}
Event: 19.914 GC heap before
{Heap before GC invocations=9 (full 0):
 garbage-first heap   total 81920K, used 65761K [0x0000000082800000, 0x0000000100000000)
  region size 1024K, 36 young (36864K), 1 survivors (1024K)
 Metaspace       used 41935K, committed 42368K, reserved 1114112K
  class space    used 5188K, committed 5376K, reserved 1048576K
}
Event: 19.920 GC heap after
{Heap after GC invocations=10 (full 0):
 garbage-first heap   total 81920K, used 33364K [0x0000000082800000, 0x0000000100000000)
  region size 1024K, 4 young (4096K), 4 survivors (4096K)
 Metaspace       used 41935K, committed 42368K, reserved 1114112K
  class space    used 5188K, committed 5376K, reserved 1048576K
}
Event: 20.792 GC heap before
{Heap before GC invocations=10 (full 0):
 garbage-first heap   total 81920K, used 67156K [0x0000000082800000, 0x0000000100000000)
  region size 1024K, 37 young (37888K), 4 survivors (4096K)
 Metaspace       used 45047K, committed 45504K, reserved 1114112K
  class space    used 5587K, committed 5824K, reserved 1048576K
}
Event: 20.805 GC heap after
{Heap after GC invocations=11 (full 0):
 garbage-first heap   total 98304K, used 36009K [0x0000000082800000, 0x0000000100000000)
  region size 1024K, 4 young (4096K), 4 survivors (4096K)
 Metaspace       used 45047K, committed 45504K, reserved 1114112K
  class space    used 5587K, committed 5824K, reserved 1048576K
}

